-------------------------------------------------------------------------------
Test set: TestSuite
-------------------------------------------------------------------------------
Tests run: 7, Failures: 1, Errors: 0, Skipped: 0, Time elapsed: 31.073 s <<< FAILURE! - in TestSuite
testcases.LoginTest.loginUnsuccess002  Time elapsed: 1.286 s  <<< FAILURE!
java.lang.AssertionError: expected [Invalid Credentials] but found [Invalid credentials]
	at testcases.LoginTest.loginUnsuccess002(LoginTest.java:43)

