<?xml version="1.0" encoding="UTF-8"?>
<!-- Generated by org.testng.reporters.JUnitXMLReporter -->
<testsuite hostname="LAPTOP-JEI8AS0O" ignored="0" name="Test Login" tests="3" failures="1" timestamp="2021-12-04T16:19:55 EST" time="16.207" errors="0">
  <testcase name="loginUnsuccess002" time="1.36" classname="testcases.LoginTest">
    <failure type="java.lang.AssertionError" message="expected [Invalid Credentials] but found [Invalid credentials]">
      <![CDATA[java.lang.AssertionError: expected [Invalid Credentials] but found [Invalid credentials]
at testcases.LoginTest.loginUnsuccess002(LoginTest.java:43)
at java.util.ArrayList.forEach(ArrayList.java:1257)
... Removed 37 stack frames]]>
    </failure>
  </testcase> <!-- loginUnsuccess002 -->
  <testcase name="loginSuccess001" time="2.12" classname="testcases.LoginTest"/>
  <testcase name="ForgotPassword003" time="0.959" classname="testcases.LoginTest"/>
</testsuite> <!-- Test Login -->
