<?xml version="1.0" encoding="UTF-8"?>
<!-- Generated by org.testng.reporters.JUnitXMLReporter -->
<testsuite hostname="LAPTOP-JEI8AS0O" ignored="0" name="Test Login" tests="3" failures="1" timestamp="2021-12-04T15:49:22 EST" time="13.393" errors="0">
  <testcase name="loginUnsuccess002" time="1.214" classname="testcases.LoginTest">
    <failure type="java.lang.AssertionError" message="expected [Invalid Credentials] but found [Invalid credentials]">
      <![CDATA[java.lang.AssertionError: expected [Invalid Credentials] but found [Invalid credentials]
at testcases.LoginTest.loginUnsuccess002(LoginTest.java:43)
at java.util.ArrayList.forEach(ArrayList.java:1259)
... Removed 33 stack frames]]>
    </failure>
  </testcase> <!-- loginUnsuccess002 -->
  <testcase name="loginSuccess001" time="1.752" classname="testcases.LoginTest"/>
  <testcase name="ForgotPassword003" time="0.746" classname="testcases.LoginTest"/>
</testsuite> <!-- Test Login -->
