<?xml version="1.0" encoding="UTF-8"?>
<!-- Generated by org.testng.reporters.JUnitXMLReporter -->
<testsuite hostname="LAPTOP-JEI8AS0O" ignored="1" name="Test Dashboard" tests="1" failures="0" timestamp="2021-12-04T15:49:26 EST" time="4.596" errors="0">
  <testcase name="DashboardQuickLaunchCount006" time="0.052" classname="testcases.DashboardTest"/>
  <testcase name="DashboardQuickLaunchItems004" time="0.0" classname="testcases.DashboardTest">
    <ignored/>
  </testcase> <!-- DashboardQuickLaunchItems004 -->
</testsuite> <!-- Test Dashboard -->
